\BOOKMARK [0][-]{chapter.1}{Introduction}{}% 1
\BOOKMARK [0][-]{chapter.2}{Human\040Body\040Models}{}% 2
\BOOKMARK [1][-]{section.2.1}{Rear\040Impact}{chapter.2}% 3
\BOOKMARK [1][-]{section.2.2}{Frontal\040impact}{chapter.2}% 4
\BOOKMARK [1][-]{section.2.3}{Side\040Impact}{chapter.2}% 5
\BOOKMARK [1][-]{section.2.4}{Oblique\040Impact}{chapter.2}% 6
\BOOKMARK [1][-]{section.2.5}{Vulnerable\040population}{chapter.2}% 7
\BOOKMARK [1][-]{section.2.6}{Future\040Seat\040Configurations}{chapter.2}% 8
\BOOKMARK [0][-]{chapter.3}{Human\040experiments}{}% 9
\BOOKMARK [1][-]{section.3.1}{Human\040volunteers}{chapter.3}% 10
\BOOKMARK [1][-]{section.3.2}{Post-mortem\040human\040subjects\040\(PMHS\)}{chapter.3}% 11
\BOOKMARK [1][-]{section.3.3}{Dummies}{chapter.3}% 12
\BOOKMARK [1][-]{section.3.4}{Biofidelity}{chapter.3}% 13
\BOOKMARK [0][-]{chapter.4}{Head}{}% 14
\BOOKMARK [1][-]{section.4.1}{Brain}{chapter.4}% 15
\BOOKMARK [0][-]{chapter.5}{Spine}{}% 16
\BOOKMARK [1][-]{section.5.1}{Cervical\040Spine}{chapter.5}% 17
\BOOKMARK [1][-]{section.5.2}{Thoracic\040Spine}{chapter.5}% 18
\BOOKMARK [1][-]{section.5.3}{Lumbar\040Spine}{chapter.5}% 19
\BOOKMARK [0][-]{chapter.6}{Shoulder\040and\040Upper\040Extremity}{}% 20
\BOOKMARK [1][-]{section.6.1}{Shoulder}{chapter.6}% 21
\BOOKMARK [1][-]{section.6.2}{Upper\040Extremity}{chapter.6}% 22
\BOOKMARK [0][-]{chapter.7}{Thorax}{}% 23
\BOOKMARK [1][-]{section.7.1}{Rib\040injuries}{chapter.7}% 24
\BOOKMARK [1][-]{section.7.2}{Internal\040organ\040injuries}{chapter.7}% 25
\BOOKMARK [0][-]{chapter.8}{Abdomen\040and\040Pelvis}{}% 26
\BOOKMARK [1][-]{section.8.1}{Abdomen}{chapter.8}% 27
\BOOKMARK [1][-]{section.8.2}{Pelvis}{chapter.8}% 28
\BOOKMARK [1][-]{section.8.3}{Adipose\040Tissue}{chapter.8}% 29
\BOOKMARK [0][-]{chapter.9}{Lower\040Extremities}{}% 30
\BOOKMARK [1][-]{section.9.1}{Morphology}{chapter.9}% 31
\BOOKMARK [0][-]{chapter.10}{Miscellaneous}{}% 32
\BOOKMARK [1][-]{section.10.1}{Muscles}{chapter.10}% 33
